TN:
SF:app\HomeScreen.tsx
FN:14,HomeScreen
FN:58,(anonymous_1)
FN:86,(anonymous_2)
FNF:3
FNH:3
FNDA:5,HomeScreen
FNDA:15,(anonymous_1)
FNDA:20,(anonymous_2)
DA:5,1
DA:7,1
DA:15,5
DA:16,5
DA:17,5
DA:18,5
DA:19,5
DA:20,5
DA:22,5
DA:59,15
DA:87,20
DA:96,1
LF:12
LH:12
BRDA:18,0,0,0
BRDA:18,0,1,5
BRDA:19,1,0,0
BRDA:19,1,1,5
BRDA:20,2,0,0
BRDA:20,2,1,5
BRDA:26,3,0,0
BRDA:26,3,1,5
BRF:8
BRH:4
end_of_record
TN:
SF:app\OnboardingScreen.tsx
FN:45,OnboardingScreen
FN:49,(anonymous_1)
FN:52,(anonymous_2)
FN:57,(anonymous_3)
FN:60,(anonymous_4)
FN:82,(anonymous_5)
FNF:6
FNH:6
FNDA:8,OnboardingScreen
FNDA:8,(anonymous_1)
FNDA:5,(anonymous_2)
FNDA:4,(anonymous_3)
FNDA:1,(anonymous_4)
FNDA:32,(anonymous_5)
DA:14,1
DA:46,8
DA:47,8
DA:49,8
DA:50,8
DA:52,8
DA:53,5
DA:54,1
DA:55,1
DA:57,4
DA:60,8
DA:61,1
DA:64,8
DA:83,32
DA:98,1
LF:15
LH:15
BRDA:53,0,0,1
BRDA:53,0,1,4
BRDA:85,1,0,8
BRDA:85,1,1,24
BRDA:91,2,0,1
BRDA:91,2,1,7
BRF:6
BRH:6
end_of_record
